<?xml version="1.0" encoding="UTF-8" ?>
<testsuite failures="0" time="0.005" errors="0" skipped="0" tests="2" name="pizza.AdderTest">
  <properties>
    <property name="java.vendor" value="Oracle Corporation"/>
    <property name="JOB_NAME" value="adder"/>
    <property name="sun.java.launcher" value="SUN_STANDARD"/>
    <property name="NUMBER_OF_PROCESSORS" value="8"/>
    <property name="sun.management.compiler" value="HotSpot Client Compiler"/>
    <property name="JENKINS_HOME" value="D:\Software\Programming\Jenkins"/>
    <property name="HUDSON_SERVER_COOKIE" value="ba56c99fb8ed1174"/>
    <property name="POM_ARTIFACTID" value="testadd"/>
    <property name="os.name" value="Windows 7"/>
    <property name="sun.boot.class.path" value="D:\Software\Programming\Jenkins\jre\lib\resources.jar;D:\Software\Programming\Jenkins\jre\lib\rt.jar;D:\Software\Programming\Jenkins\jre\lib\sunrsasign.jar;D:\Software\Programming\Jenkins\jre\lib\jsse.jar;D:\Software\Programming\Jenkins\jre\lib\jce.jar;D:\Software\Programming\Jenkins\jre\lib\charsets.jar;D:\Software\Programming\Jenkins\jre\lib\jfr.jar;D:\Software\Programming\Jenkins\jre\classes"/>
    <property name="EXECUTOR_NUMBER" value="1"/>
    <property name="user.country.format" value="NL"/>
    <property name="sun.desktop" value="windows"/>
    <property name="PATHEXT" value=".COM;.EXE;.BAT;.CMD;.VBS;.VBE;.JS;.JSE;.WSF;.WSH;.MSC"/>
    <property name="java.vm.specification.vendor" value="Oracle Corporation"/>
    <property name="POM_DISPLAYNAME" value="testadd"/>
    <property name="NODE_LABELS" value="master"/>
    <property name="TEMP" value="C:\Windows\TEMP"/>
    <property name="java.runtime.version" value="1.7.0_25-b17"/>
    <property name="GIT_COMMITTER_EMAIL" value="c.linschooten@gmail.com"/>
    <property name="user.name" value="OBSIDIAN$"/>
    <property name="user.language.format" value="nl"/>
    <property name="guice.disable.misplaced.annotation.check" value="true"/>
    <property name="CommonProgramW6432" value="C:\Program Files\Common Files"/>
    <property name="ProgramFiles" value="C:\Program Files (x86)"/>
    <property name="user.language" value="en"/>
    <property name="BUILD_DISPLAY_NAME" value="#16"/>
    <property name="sun.boot.library.path" value="D:\Software\Programming\Jenkins\jre\bin"/>
    <property name="GIT_PREVIOUS_SUCCESSFUL_COMMIT" value="fca247a9346aa977c43e6af08d6f4d8177a6697a"/>
    <property name="VS110COMNTOOLS" value="D:\Software\Programming\Visual Studio\Common7\Tools\"/>
    <property name="LOCALAPPDATA" value="C:\Windows\system32\config\systemprofile\AppData\Local"/>
    <property name="java.version" value="1.7.0_25"/>
    <property name="PROCESSOR_LEVEL" value="6"/>
    <property name="user.timezone" value="Europe/Berlin"/>
    <property name="USERNAME" value="OBSIDIAN$"/>
    <property name="GIT_AUTHOR_NAME" value="casper"/>
    <property name="sun.arch.data.model" value="32"/>
    <property name="NODE_NAME" value="master"/>
    <property name="PROCESSOR_ARCHITEW6432" value="AMD64"/>
    <property name="java.endorsed.dirs" value="D:\Software\Programming\Jenkins\jre\lib\endorsed"/>
    <property name="BUILD_ID" value="16"/>
    <property name="sun.cpu.isalist" value="pentium_pro+mmx pentium_pro pentium+mmx pentium i486 i386 i86"/>
    <property name="sun.jnu.encoding" value="Cp1252"/>
    <property name="file.encoding.pkg" value="sun.io"/>
    <property name="file.separator" value="\"/>
    <property name="java.specification.name" value="Java Platform API Specification"/>
    <property name="java.class.version" value="51.0"/>
    <property name="org.slf4j.simpleLogger.defaultLogLevel" value="info"/>
    <property name="user.country" value="US"/>
    <property name="ALLUSERSPROFILE" value="C:\ProgramData"/>
    <property name="java.home" value="D:\Software\Programming\Jenkins\jre"/>
    <property name="java.vm.info" value="mixed mode"/>
    <property name="os.version" value="6.1"/>
    <property name="POM_VERSION" value="1.0-SNAPSHOT"/>
    <property name="configsetroot" value="C:\Windows\ConfigSetRoot"/>
    <property name="TMP" value="C:\Windows\TEMP"/>
    <property name="path.separator" value=";"/>
    <property name="java.vm.version" value="23.25-b01"/>
    <property name="user.variant" value=""/>
    <property name="GIT_PREVIOUS_COMMIT" value="fca247a9346aa977c43e6af08d6f4d8177a6697a"/>
    <property name="CommonProgramFiles(x86)" value="C:\Program Files (x86)\Common Files"/>
    <property name="java.awt.printerjob" value="sun.awt.windows.WPrinterJob"/>
    <property name="FP_NO_HOST_CHECK" value="NO"/>
    <property name="JAVA_HOME" value="D:\Software\Programming\Java jdk\jdk1.7.0_45"/>
    <property name="sun.io.unicode.encoding" value="UnicodeLittle"/>
    <property name="CommonProgramFiles" value="C:\Program Files (x86)\Common Files"/>
    <property name="ComSpec" value="C:\Windows\system32\cmd.exe"/>
    <property name="awt.toolkit" value="sun.awt.windows.WToolkit"/>
    <property name="POM_PACKAGING" value="jar"/>
    <property name="user.script" value=""/>
    <property name="SERVICE_ID" value="jenkins"/>
    <property name="COMPUTERNAME" value="OBSIDIAN"/>
    <property name="POM_GROUPID" value="com.mycompany"/>
    <property name="user.home" value="C:\"/>
    <property name="GIT_COMMITTER_NAME" value="casper"/>
    <property name="PUBLIC" value="C:\Users\Public"/>
    <property name="BUILD_TAG" value="jenkins-adder-16"/>
    <property name="JENKINS_SERVER_COOKIE" value="ba56c99fb8ed1174"/>
    <property name="HUDSON_URL" value="http://localhost:8080/"/>
    <property name="ProgramData" value="C:\ProgramData"/>
    <property name="java.specification.vendor" value="Oracle Corporation"/>
    <property name="USERPROFILE" value="C:\Windows\system32\config\systemprofile"/>
    <property name="CLASSPATH" value=""/>
    <property name="java.vendor.url" value="http://java.oracle.com/"/>
    <property name="java.library.path" value="D:\Software\Programming\Jenkins\jre\bin;C:\Windows\Sun\Java\bin;C:\Windows\system32;C:\Windows;D:\Software\Programming\Jenkins\tools\hudson.tasks.Maven_MavenInstallation\maven_1/bin;C:\Windows\system32;C:\Windows;C:\Windows\System32\Wbem;C:\Windows\System32\WindowsPowerShell\v1.0\;C:\Program Files (x86)\ATI Technologies\ATI.ACE\Core-Static;C:\Program Files\Microsoft\Web Platform Installer\;C:\Program Files (x86)\Microsoft ASP.NET\ASP.NET Web Pages\v1.0\;C:\Program Files (x86)\Windows Kits\8.0\Windows Performance Toolkit\;C:\Program Files\Microsoft SQL Server\110\Tools\Binn\;D:\Software\Tortoise SVN\bin;D:\Software\Programming\Maven\apache-maven-3.2.5\bin;D:\Software\Programming\Maven\apache-maven-3.2.5\bin;D:\Software\Programming\Nodejs\;;."/>
    <property name="java.vm.vendor" value="Oracle Corporation"/>
    <property name="APPDATA" value="C:\Windows\system32\config\systemprofile\AppData\Roaming"/>
    <property name="java.runtime.name" value="Java(TM) SE Runtime Environment"/>
    <property name="maven.home" value="D:\Software\Programming\Jenkins\tools\hudson.tasks.Maven_MavenInstallation\maven_1"/>
    <property name="java.class.path" value="D:\Software\Programming\Jenkins\plugins\maven-plugin\WEB-INF\lib\maven31-agent-1.5.jar;D:\Software\Programming\Jenkins\tools\hudson.tasks.Maven_MavenInstallation\maven_1\boot\plexus-classworlds-2.5.1.jar;D:\Software\Programming\Jenkins\tools\hudson.tasks.Maven_MavenInstallation\maven_1/conf/logging"/>
    <property name="sun.java.command" value="jenkins.maven3.agent.Maven31Main D:\Software\Programming\Jenkins\tools\hudson.tasks.Maven_MavenInstallation\maven_1 D:\Software\Programming\Jenkins\war\WEB-INF\lib\remoting-2.49.jar D:\Software\Programming\Jenkins\plugins\maven-plugin\WEB-INF\lib\maven31-interceptor-1.5.jar D:\Software\Programming\Jenkins\plugins\maven-plugin\WEB-INF\lib\maven3-interceptor-commons-1.5.jar 57997"/>
    <property name="Path" value="C:\Windows\system32;C:\Windows;C:\Windows\System32\Wbem;C:\Windows\System32\WindowsPowerShell\v1.0\;C:\Program Files (x86)\ATI Technologies\ATI.ACE\Core-Static;C:\Program Files\Microsoft\Web Platform Installer\;C:\Program Files (x86)\Microsoft ASP.NET\ASP.NET Web Pages\v1.0\;C:\Program Files (x86)\Windows Kits\8.0\Windows Performance Toolkit\;C:\Program Files\Microsoft SQL Server\110\Tools\Binn\;D:\Software\Tortoise SVN\bin;D:\Software\Programming\Maven\apache-maven-3.2.5\bin;D:\Software\Programming\Maven\apache-maven-3.2.5\bin;D:\Software\Programming\Nodejs\;"/>
    <property name="java.vm.specification.name" value="Java Virtual Machine Specification"/>
    <property name="PROCESSOR_ARCHITECTURE" value="x86"/>
    <property name="PROCESSOR_IDENTIFIER" value="Intel64 Family 6 Model 30 Stepping 5, GenuineIntel"/>
    <property name="java.vm.specification.version" value="1.7"/>
    <property name="sun.os.patch.level" value="Service Pack 1"/>
    <property name="sun.cpu.endian" value="little"/>
    <property name="M2_HOME" value="D:\Software\Programming\Jenkins\tools\hudson.tasks.Maven_MavenInstallation\maven_1"/>
    <property name="java.io.tmpdir" value="C:\Windows\TEMP\"/>
    <property name="OS" value="Windows_NT"/>
    <property name="HUDSON_HOME" value="D:\Software\Programming\Jenkins"/>
    <property name="PATH+MAVEN" value="D:\Software\Programming\Jenkins\tools\hudson.tasks.Maven_MavenInstallation\maven_1/bin"/>
    <property name="ProgramFiles(x86)" value="C:\Program Files (x86)"/>
    <property name="BUILD_URL" value="http://localhost:8080/job/adder/16/"/>
    <property name="java.vendor.url.bug" value="http://bugreport.sun.com/bugreport/"/>
    <property name="java.awt.graphicsenv" value="sun.awt.Win32GraphicsEnvironment"/>
    <property name="os.arch" value="x86"/>
    <property name="SystemRoot" value="C:\Windows"/>
    <property name="java.ext.dirs" value="D:\Software\Programming\Jenkins\jre\lib\ext;C:\Windows\Sun\Java\lib\ext"/>
    <property name="user.dir" value="D:\Software\Programming\Jenkins\jobs\adder\workspace"/>
    <property name="JOB_URL" value="http://localhost:8080/job/adder/"/>
    <property name="USERDOMAIN" value="WORKGROUP"/>
    <property name="line.separator" value="
"/>
    <property name="MAVEN_HOME" value="D:\Software\Programming\Jenkins\tools\hudson.tasks.Maven_MavenInstallation\maven_1"/>
    <property name="java.vm.name" value="Java HotSpot(TM) Client VM"/>
    <property name="BUILD_NUMBER" value="16"/>
    <property name="BASE" value="D:\Software\Programming\Jenkins"/>
    <property name="JENKINS_URL" value="http://localhost:8080/"/>
    <property name="PROCESSOR_REVISION" value="1e05"/>
    <property name="GIT_BRANCH" value="origin/master"/>
    <property name="MAVEN" value="D:\Software\Programming\Maven\apache-maven-3.2.5"/>
    <property name="ProgramW6432" value="C:\Program Files"/>
    <property name="windir" value="C:\Windows"/>
    <property name="GIT_COMMIT" value="fca247a9346aa977c43e6af08d6f4d8177a6697a"/>
    <property name="file.encoding" value="Cp1252"/>
    <property name="SystemDrive" value="C:"/>
    <property name="maven3.interceptor" value="D:\Software\Programming\Jenkins\plugins\maven-plugin\WEB-INF\lib\maven31-interceptor-1.5.jar"/>
    <property name="WORKSPACE" value="D:\Software\Programming\Jenkins\jobs\adder\workspace"/>
    <property name="maven3.interceptor.common" value="D:\Software\Programming\Jenkins\plugins\maven-plugin\WEB-INF\lib\maven3-interceptor-commons-1.5.jar"/>
    <property name="GIT_AUTHOR_EMAIL" value="c.linschooten@gmail.com"/>
    <property name="WINSW_EXECUTABLE" value="D:\Software\Programming\Jenkins\jenkins.exe"/>
    <property name="java.specification.version" value="1.7"/>
    <property name="PSModulePath" value="C:\Windows\system32\WindowsPowerShell\v1.0\Modules\"/>
    <property name="GIT_URL" value="https://github.com/Casper1993/test"/>
  </properties>
  <testcase time="0.005" classname="pizza.AdderTest" name="testAdd2"/>
  <testcase time="0" classname="pizza.AdderTest" name="testAdd"/>
</testsuite>